<?xml version="1.0" encoding="UTF-8"?>
<!-- Generated by org.testng.reporters.JUnitXMLReporter -->
<testsuite ignored="0" hostname="DESKTOP-OLRKRJS" failures="0" tests="4" name="Default test" time="0.148" errors="0" timestamp="2024-04-15T11:00:46 IST">
  <testcase classname="Automation.Selenium.TestNG_TS1" name="Test1" time="0.017"/>
  <testcase classname="Automation.Selenium.TestNG_TS1" name="Test2" time="0.002"/>
  <testcase classname="Automation.Selenium.TestNG_TS1" name="Test3" time="0.004"/>
  <testcase classname="Automation.Selenium.TestNG_TS1" name="Test4" time="0.004"/>
</testsuite> <!-- Default test -->
