<?xml version="1.0" encoding="UTF-8"?>
<!-- Generated by org.testng.reporters.JUnitXMLReporter -->
<testsuite ignored="10" hostname="DESKTOP-OLRKRJS" failures="0" tests="2" name="Test" time="0.136" errors="0" timestamp="2024-04-15T20:07:10 IST">
  <testcase classname="Automation.Selenium.TestNG_TS2" name="Test2" time="0.015"/>
  <testcase classname="Automation.Selenium.TestNG_TS2" name="Test4" time="0.002"/>
  <testcase classname="Automation.Selenium.TestNG_TS2" name="Test3" time="0.0">
    <ignored/>
  </testcase> <!-- Test3 -->
  <testcase classname="Automation.Selenium.TestNG_TS3" name="Test3" time="0.0">
    <ignored/>
  </testcase> <!-- Test3 -->
  <testcase classname="Automation.Selenium.TestNG_TS1" name="Test4" time="0.0">
    <ignored/>
  </testcase> <!-- Test4 -->
  <testcase classname="Automation.Selenium.TestNG_TS3" name="Test1" time="0.0">
    <ignored/>
  </testcase> <!-- Test1 -->
  <testcase classname="Automation.Selenium.TestNG_TS1" name="Test1" time="0.0">
    <ignored/>
  </testcase> <!-- Test1 -->
  <testcase classname="Automation.Selenium.TestNG_TS3" name="Test4" time="0.0">
    <ignored/>
  </testcase> <!-- Test4 -->
  <testcase classname="Automation.Selenium.TestNG_TS1" name="Test3" time="0.0">
    <ignored/>
  </testcase> <!-- Test3 -->
  <testcase classname="Automation.Selenium.TestNG_TS1" name="Test2" time="0.0">
    <ignored/>
  </testcase> <!-- Test2 -->
  <testcase classname="Automation.Selenium.TestNG_TS3" name="Test2" time="0.0">
    <ignored/>
  </testcase> <!-- Test2 -->
  <testcase classname="Automation.Selenium.TestNG_TS2" name="Test1" time="0.0">
    <ignored/>
  </testcase> <!-- Test1 -->
</testsuite> <!-- Test -->
