<?xml version="1.0" encoding="UTF-8"?>
<testng-results ignored="10" total="12" passed="2" failed="0" skipped="0">
  <reporter-output>
  </reporter-output>
  <suite started-at="2024-04-15T12:16:49 IST" name="Suite" finished-at="2024-04-15T12:16:49 IST" duration-ms="140">
    <groups>
      <group name="Regression">
        <method signature="TestNG_TS2.Test2()[pri:0, instance:Automation.Selenium.TestNG_TS2@1c93f6e1]" name="Test2" class="Automation.Selenium.TestNG_TS2"/>
        <method signature="TestNG_TS2.Test4()[pri:0, instance:Automation.Selenium.TestNG_TS2@1c93f6e1]" name="Test4" class="Automation.Selenium.TestNG_TS2"/>
      </group> <!-- Regression -->
    </groups>
    <test started-at="2024-04-15T12:16:49 IST" name="Test" finished-at="2024-04-15T12:16:49 IST" duration-ms="140">
      <class name="Automation.Selenium.TestNG_TS1">
        <test-method is-config="true" signature="afterTest()[pri:0, instance:Automation.Selenium.TestNG_TS1@21337f7b]" started-at="2024-04-15T12:16:49 IST" name="afterTest" finished-at="2024-04-15T12:16:49 IST" duration-ms="0" status="PASS">
          <reporter-output>
          </reporter-output>
        </test-method> <!-- afterTest -->
      </class> <!-- Automation.Selenium.TestNG_TS1 -->
      <class name="Automation.Selenium.TestNG_TS2">
        <test-method is-config="true" signature="BTest()[pri:0, instance:Automation.Selenium.TestNG_TS2@1c93f6e1]" started-at="2024-04-15T12:16:49 IST" name="BTest" finished-at="2024-04-15T12:16:49 IST" duration-ms="19" status="PASS">
          <reporter-output>
          </reporter-output>
        </test-method> <!-- BTest -->
        <test-method signature="Test2()[pri:0, instance:Automation.Selenium.TestNG_TS2@1c93f6e1]" started-at="2024-04-15T12:16:49 IST" name="Test2" finished-at="2024-04-15T12:16:49 IST" duration-ms="21" status="PASS">
          <reporter-output>
          </reporter-output>
        </test-method> <!-- Test2 -->
        <test-method signature="Test4()[pri:0, instance:Automation.Selenium.TestNG_TS2@1c93f6e1]" started-at="2024-04-15T12:16:49 IST" name="Test4" finished-at="2024-04-15T12:16:49 IST" duration-ms="4" status="PASS">
          <reporter-output>
          </reporter-output>
        </test-method> <!-- Test4 -->
      </class> <!-- Automation.Selenium.TestNG_TS2 -->
    </test> <!-- Test -->
  </suite> <!-- Suite -->
</testng-results>
